<?xml version="1.0" encoding="UTF-8"?>
<robot generator="Robot 7.1.1 (Python 3.12.5 on win32)" generated="2024-12-16T23:14:26.416538" rpa="false" schemaversion="5">
<suite id="s1" name="Web Tests" source="C:\Users\vaish\PycharmProjects\pranil_projects\Robot_Framework\pythonProject\Test\web_tests.robot">
<test id="s1-t1" name="Google Search Automation" line="9">
<kw name="Open Browser" owner="SeleniumLibrary">
<msg time="2024-12-16T23:14:27.094033" level="INFO">Opening browser 'chrome' to base url 'https://www.google.com'.</msg>
<arg>${URL}</arg>
<arg>chrome</arg>
<doc>Opens a new browser instance to the optional ``url``.</doc>
<status status="PASS" start="2024-12-16T23:14:27.092789" elapsed="6.934073"/>
</kw>
<kw name="Input Text" owner="SeleniumLibrary">
<msg time="2024-12-16T23:14:34.031197" level="INFO">Typing text 'Python automation testing' into text field 'name:q'.</msg>
<arg>name:q</arg>
<arg>${SEARCH_TERM}</arg>
<doc>Types the given ``text`` into the text field identified by ``locator``.</doc>
<status status="PASS" start="2024-12-16T23:14:34.029228" elapsed="0.314885"/>
</kw>
<kw name="Press Key" owner="SeleniumLibrary">
<arg>name:q</arg>
<arg>ENTER</arg>
<doc>Simulates user pressing key on element identified by ``locator``.</doc>
<status status="PASS" start="2024-12-16T23:14:34.350237" elapsed="0.069441"/>
</kw>
<kw name="Wait Until Page Contains" owner="SeleniumLibrary">
<arg>Python automation testing</arg>
<doc>Waits until ``text`` appears on the current page.</doc>
<status status="PASS" start="2024-12-16T23:14:34.421677" elapsed="0.247953"/>
</kw>
<kw name="Close Browser" owner="SeleniumLibrary">
<doc>Closes the current browser.</doc>
<status status="PASS" start="2024-12-16T23:14:34.670630" elapsed="2.379235"/>
</kw>
<status status="PASS" start="2024-12-16T23:14:27.091788" elapsed="9.959058"/>
</test>
<status status="PASS" start="2024-12-16T23:14:26.428637" elapsed="10.623207"/>
</suite>
<statistics>
<total>
<stat pass="1" fail="0" skip="0">All Tests</stat>
</total>
<tag>
</tag>
<suite>
<stat pass="1" fail="0" skip="0" id="s1" name="Web Tests">Web Tests</stat>
</suite>
</statistics>
<errors>
</errors>
</robot>
