<?xml version="1.0" encoding="UTF-8"?>
<robot generator="Robot 7.2 (Python 3.12.5 on win32)" generated="2025-01-30T20:28:44.406017" rpa="false" schemaversion="5">
<suite id="s1" name="Robot Interview" source="C:\Users\vaish\PycharmProjects\pranil_projects\selenium_interview\Python\robot_interview">
<suite id="s1-s1" name="Robo Int3" source="C:\Users\vaish\PycharmProjects\pranil_projects\selenium_interview\Python\robot_interview\robo_int3.robot">
<test id="s1-s1-t1" name="File Upload Test" line="13">
<kw name="Open Browser" owner="SeleniumLibrary">
<msg time="2025-01-30T20:28:45.173662" level="INFO">Opening browser 'Chrome' to base url 'https://practice.expandtesting.com/upload'.</msg>
<arg>${URL}</arg>
<arg>Chrome</arg>
<doc>Opens a new browser instance to the optional ``url``.</doc>
<status status="PASS" start="2025-01-30T20:28:45.172660" elapsed="13.391687"/>
</kw>
<kw name="Maximize Browser Window" owner="SeleniumLibrary">
<doc>Maximizes current browser window.</doc>
<status status="PASS" start="2025-01-30T20:28:58.571941" elapsed="0.232614"/>
</kw>
<kw name="Log" owner="BuiltIn">
<msg time="2025-01-30T20:28:58.806555" level="INFO">Upload Button Locator: type=submit</msg>
<arg>Upload Button Locator: ${UPLOAD_BUTTON}</arg>
<doc>Logs the given message with the given level.</doc>
<status status="PASS" start="2025-01-30T20:28:58.804555" elapsed="0.002000"/>
</kw>
<kw name="Upload File">
<kw name="Log" owner="BuiltIn">
<msg time="2025-01-30T20:28:58.814563" level="INFO">Locating upload field: id:fileInput</msg>
<arg>Locating upload field: ${UPLOAD_FIELD}</arg>
<doc>Logs the given message with the given level.</doc>
<status status="PASS" start="2025-01-30T20:28:58.814563" elapsed="0.000999"/>
</kw>
<kw name="Input Text" owner="SeleniumLibrary">
<msg time="2025-01-30T20:28:58.817892" level="INFO">Typing text 'C:\Users\vaish\robot.txt' into text field 'id:fileInput'.</msg>
<arg>${UPLOAD_FIELD}</arg>
<arg>${FILE_PATH}</arg>
<doc>Types the given ``text`` into the text field identified by ``locator``.</doc>
<status status="PASS" start="2025-01-30T20:28:58.815562" elapsed="0.663838"/>
</kw>
<kw name="Log" owner="BuiltIn">
<msg time="2025-01-30T20:28:59.480402" level="INFO">Upload field value entered: C:\Users\vaish\robot.txt</msg>
<arg>Upload field value entered: ${FILE_PATH}</arg>
<doc>Logs the given message with the given level.</doc>
<status status="PASS" start="2025-01-30T20:28:59.480402" elapsed="0.000000"/>
</kw>
<kw name="Wait Until Element Is Visible" owner="SeleniumLibrary">
<msg time="2025-01-30T20:29:10.282949" level="INFO" html="true">&lt;/td&gt;&lt;/tr&gt;&lt;tr&gt;&lt;td colspan="3"&gt;&lt;a href="selenium-screenshot-1.png"&gt;&lt;img src="selenium-screenshot-1.png" width="800px"&gt;&lt;/a&gt;</msg>
<msg time="2025-01-30T20:29:10.359349" level="FAIL">Element 'type=submit' not visible after 10 seconds.</msg>
<arg>${UPLOAD_BUTTON}</arg>
<arg>timeout=10</arg>
<doc>Waits until the element ``locator`` is visible.</doc>
<status status="FAIL" start="2025-01-30T20:28:59.481402" elapsed="11.726781">Element 'type=submit' not visible after 10 seconds.</status>
</kw>
<kw name="Wait Until Element Is Enabled" owner="SeleniumLibrary">
<arg>${UPLOAD_BUTTON}</arg>
<arg>timeout=10</arg>
<doc>Waits until the element ``locator`` is enabled.</doc>
<status status="NOT RUN" start="2025-01-30T20:29:11.234575" elapsed="0.001020"/>
</kw>
<kw name="Scroll Element Into View" owner="SeleniumLibrary">
<arg>${UPLOAD_BUTTON}</arg>
<doc>Scrolls the element identified by ``locator`` into view.</doc>
<status status="NOT RUN" start="2025-01-30T20:29:11.236591" elapsed="0.000000"/>
</kw>
<kw name="Log" owner="BuiltIn">
<arg>Clicking upload button: ${UPLOAD_BUTTON}</arg>
<doc>Logs the given message with the given level.</doc>
<status status="NOT RUN" start="2025-01-30T20:29:11.236591" elapsed="0.002516"/>
</kw>
<kw name="Click Button" owner="SeleniumLibrary">
<arg>${UPLOAD_BUTTON}</arg>
<doc>Clicks the button identified by ``locator``.</doc>
<status status="NOT RUN" start="2025-01-30T20:29:11.241101" elapsed="0.000000"/>
</kw>
<doc>Locate the file upload field and upload the specified file.</doc>
<status status="FAIL" start="2025-01-30T20:28:58.812592" elapsed="12.450467">Element 'type=submit' not visible after 10 seconds.</status>
</kw>
<kw name="Scroll Element Into View" owner="SeleniumLibrary">
<arg>${UPLOAD_BUTTON}</arg>
<doc>Scrolls the element identified by ``locator`` into view.</doc>
<status status="NOT RUN" start="2025-01-30T20:29:11.266083" elapsed="0.001001"/>
</kw>
<kw name="Verify Upload Status">
<doc>Verify that the file upload status matches the expected value.</doc>
<status status="NOT RUN" start="2025-01-30T20:29:11.268116" elapsed="0.000000"/>
</kw>
<kw name="Close Browser" owner="SeleniumLibrary">
<doc>Closes the current browser.</doc>
<status status="NOT RUN" start="2025-01-30T20:29:11.270124" elapsed="0.001000"/>
</kw>
<status status="FAIL" start="2025-01-30T20:28:45.171665" elapsed="26.119033">Element 'type=submit' not visible after 10 seconds.</status>
</test>
<status status="FAIL" start="2025-01-30T20:28:44.495291" elapsed="26.879058"/>
</suite>
<status status="FAIL" start="2025-01-30T20:28:44.467307" elapsed="26.952600"/>
</suite>
<statistics>
<total>
<stat pass="0" fail="1" skip="0">All Tests</stat>
</total>
<tag>
</tag>
<suite>
<stat name="Robot Interview" id="s1" pass="0" fail="1" skip="0">Robot Interview</stat>
<stat name="Robo Int3" id="s1-s1" pass="0" fail="1" skip="0">Robot Interview.Robo Int3</stat>
</suite>
</statistics>
<errors>
</errors>
</robot>
